<?xml version="1.0" encoding="UTF-8"?>
<!-- Generated by org.testng.reporters.JUnitReportReporter -->
<testsuite hostname="ProBook" failures="0" tests="1" name="framework.RediffTest" time="14.327" errors="0" timestamp="2021-10-03T02:13:53 EDT" skipped="0">
  <testcase classname="framework.RediffTest" name="rediffTester" time="14.327"/>
  <system-out/>
</testsuite> <!-- framework.RediffTest -->
