<?xml version="1.0" encoding="UTF-8"?>
<!-- Generated by org.testng.reporters.JUnitReportReporter -->
<testsuite hostname="ProBook" failures="0" tests="1" name="framework.HomePage" time="16.261" errors="0" timestamp="2021-10-03T00:33:35 EDT" skipped="0">
  <testcase classname="framework.HomePage" name="goGooglePage" time="16.261"/>
  <system-out/>
</testsuite> <!-- framework.HomePage -->
