<?xml version="1.0" encoding="UTF-8"?>
<!-- Generated by org.testng.reporters.JUnitReportReporter -->
<testsuite hostname="ProBook" failures="0" tests="1" name="cucumberOptions.TestRunner" time="0.155" errors="0" timestamp="2021-10-08T01:06:43 EDT" skipped="0">
  <testcase classname="cucumberOptions.TestRunner" name="runScenario" time="0.155"/>
  <system-out/>
</testsuite> <!-- cucumberOptions.TestRunner -->
