<?xml version="1.0" encoding="UTF-8"?>
<!-- Generated by org.testng.reporters.JUnitReportReporter -->
<testsuite hostname="ProBook" failures="0" tests="2" name="framework.RediffTest" time="14.051" errors="0" timestamp="2021-10-06T00:00:55 EDT" skipped="0">
  <testcase classname="framework.RediffTest" name="rediffTester" time="6.710"/>
  <system-out/>
  <testcase classname="framework.RediffTest" name="rediffTester" time="7.341"/>
  <system-out/>
</testsuite> <!-- framework.RediffTest -->
