<?xml version="1.0" encoding="UTF-8"?>
<!-- Generated by org.testng.reporters.JUnitReportReporter -->
<testsuite hostname="ProBook" failures="0" tests="1" name="framework.Validator" time="0.786" errors="0" timestamp="2021-10-04T23:58:49 EDT" skipped="0">
  <testcase classname="framework.Validator" name="getValidate" time="0.786"/>
  <system-out/>
</testsuite> <!-- framework.Validator -->
