<?xml version="1.0" encoding="UTF-8"?>
<!-- Generated by org.testng.reporters.JUnitReportReporter -->
<testsuite hostname="ProBook" failures="0" tests="2" name="framework.RediffTest" time="13.720" errors="0" timestamp="2021-10-04T23:58:49 EDT" skipped="0">
  <testcase classname="framework.RediffTest" name="rediffTester" time="7.806"/>
  <system-out/>
  <testcase classname="framework.RediffTest" name="rediffTester" time="5.914"/>
  <system-out/>
</testsuite> <!-- framework.RediffTest -->
