<?xml version="1.0" encoding="UTF-8"?>
<!-- Generated by org.testng.reporters.JUnitReportReporter -->
<testsuite hostname="ProBook" failures="0" tests="1" name="framework.HomeTest" time="17.709" errors="0" timestamp="2021-10-03T01:55:10 EDT" skipped="0">
  <testcase classname="framework.HomeTest" name="rediffTester" time="17.709"/>
  <system-out/>
</testsuite> <!-- framework.HomeTest -->
