<?xml version="1.0" encoding="UTF-8"?>
<!-- Generated by org.testng.reporters.JUnitReportReporter -->
<testsuite hostname="ProBook" failures="0" tests="2" name="framework.RediffTest" time="11.617" errors="0" timestamp="2021-10-06T00:26:00 EDT" skipped="0">
  <testcase classname="framework.RediffTest" name="rediffTester" time="5.930"/>
  <system-out/>
  <testcase classname="framework.RediffTest" name="rediffTester" time="5.687"/>
  <system-out/>
</testsuite> <!-- framework.RediffTest -->
