<?xml version="1.0" encoding="UTF-8"?>
<!-- Generated by org.testng.reporters.JUnitReportReporter -->
<testsuite hostname="ProBook" failures="0" tests="3" name="cucumberOptions.TestRunner" time="19.413" errors="0" timestamp="2021-10-08T02:08:21 EDT" skipped="0">
  <testcase classname="cucumberOptions.TestRunner" name="runScenario" time="6.606"/>
  <system-out/>
  <testcase classname="cucumberOptions.TestRunner" name="runScenario" time="5.996"/>
  <system-out/>
  <testcase classname="cucumberOptions.TestRunner" name="runScenario" time="6.811"/>
  <system-out/>
</testsuite> <!-- cucumberOptions.TestRunner -->
