<?xml version="1.0" encoding="UTF-8"?>
<!-- Generated by org.testng.reporters.JUnitReportReporter -->
<testsuite hostname="ProBook" failures="0" tests="2" name="framework.RediffTest" time="14.685" errors="0" timestamp="2021-10-05T22:40:53 EDT" skipped="0">
  <testcase classname="framework.RediffTest" name="rediffTester" time="6.108"/>
  <system-out/>
  <testcase classname="framework.RediffTest" name="rediffTester" time="8.577"/>
  <system-out/>
</testsuite> <!-- framework.RediffTest -->
