<?xml version="1.0" encoding="UTF-8"?>
<!-- Generated by org.testng.reporters.JUnitReportReporter -->
<testsuite hostname="ProBook" failures="0" tests="2" name="framework.RediffTest" time="13.556" errors="0" timestamp="2021-10-05T23:33:08 EDT" skipped="0">
  <testcase classname="framework.RediffTest" name="rediffTester" time="6.557"/>
  <system-out/>
  <testcase classname="framework.RediffTest" name="rediffTester" time="6.999"/>
  <system-out/>
</testsuite> <!-- framework.RediffTest -->
