<?xml version="1.0" encoding="UTF-8"?>
<!-- Generated by org.testng.reporters.JUnitReportReporter -->
<testsuite hostname="ProBook" failures="0" tests="1" name="framework.Validator" time="0.410" errors="0" timestamp="2021-10-05T01:51:23 EDT" skipped="0">
  <testcase classname="framework.Validator" name="getValidate" time="0.410"/>
  <system-out/>
</testsuite> <!-- framework.Validator -->
