<?xml version="1.0" encoding="UTF-8"?>
<!-- Generated by org.testng.reporters.JUnitReportReporter -->
<testsuite hostname="ProBook" failures="0" tests="2" name="framework.RediffTest" time="18.588" errors="0" timestamp="2021-10-05T01:51:23 EDT" skipped="0">
  <testcase classname="framework.RediffTest" name="rediffTester" time="5.717"/>
  <system-out/>
  <testcase classname="framework.RediffTest" name="rediffTester" time="12.871"/>
  <system-out/>
</testsuite> <!-- framework.RediffTest -->
