<?xml version="1.0" encoding="UTF-8"?>
<!-- Generated by org.testng.reporters.JUnitReportReporter -->
<testsuite hostname="ProBook" failures="0" tests="2" name="framework.RediffTest" time="19.171" errors="0" timestamp="2021-10-05T00:11:58 EDT" skipped="0">
  <testcase classname="framework.RediffTest" name="rediffTester" time="10.992"/>
  <system-out/>
  <testcase classname="framework.RediffTest" name="rediffTester" time="8.179"/>
  <system-out/>
</testsuite> <!-- framework.RediffTest -->
